# JRE version: Java(TM) SE Runtime Environment (8.0_71-b15) (build 1.8.0_71-b15)
# Java VM: Java HotSpot(TM) 64-Bit Server VM (25.71-b15 mixed mode bsd-amd64 compressed oops)
Heap:
 garbage-first heap   total 262144K, used 105230K [0x0000000780000000, 0x0000000780100800, 0x00000007c0000000)
  region size 1024K, 5 young (5120K), 2 survivors (2048K)
 Metaspace       used 100996K, capacity 110378K, committed 110672K, reserved 1144832K
  class space    used 12401K, capacity 15190K, committed 15232K, reserved 1048576K
GC Heap History (10 events):
Event: 5134.224 GC heap before
{Heap before GC invocations=48 (full 0):
 garbage-first heap   total 262144K, used 229096K [0x0000000780000000, 0x0000000780100800, 0x00000007c0000000)
  region size 1024K, 125 young (128000K), 3 survivors (3072K)
 Metaspace       used 100941K, capacity 110186K, committed 110416K, reserved 1144832K
  class space    used 12400K, capacity 15190K, committed 15232K, reserved 1048576K
Event: 5134.231 GC heap after
Heap after GC invocations=49 (full 0):
 garbage-first heap   total 262144K, used 103211K [0x0000000780000000, 0x0000000780100800, 0x00000007c0000000)
  region size 1024K, 2 young (2048K), 2 survivors (2048K)
 Metaspace       used 100941K, capacity 110186K, committed 110416K, reserved 1144832K
  class space    used 12400K, capacity 15190K, committed 15232K, reserved 1048576K
}
Event: 5192.971 GC heap before
{Heap before GC invocations=49 (full 0):
 garbage-first heap   total 262144K, used 229163K [0x0000000780000000, 0x0000000780100800, 0x00000007c0000000)
  region size 1024K, 125 young (128000K), 2 survivors (2048K)
 Metaspace       used 100941K, capacity 110186K, committed 110416K, reserved 1144832K
  class space    used 12400K, capacity 15190K, committed 15232K, reserved 1048576K
Event: 5192.979 GC heap after
Heap after GC invocations=50 (full 0):
 garbage-first heap   total 262144K, used 102460K [0x0000000780000000, 0x0000000780100800, 0x00000007c0000000)
  region size 1024K, 1 young (1024K), 1 survivors (1024K)
 Metaspace       used 100941K, capacity 110186K, committed 110416K, reserved 1144832K
  class space    used 12400K, capacity 15190K, committed 15232K, reserved 1048576K
}
Event: 5251.415 GC heap before
{Heap before GC invocations=50 (full 0):
 garbage-first heap   total 262144K, used 230460K [0x0000000780000000, 0x0000000780100800, 0x00000007c0000000)
  region size 1024K, 126 young (129024K), 1 survivors (1024K)
 Metaspace       used 100941K, capacity 110186K, committed 110416K, reserved 1144832K
  class space    used 12400K, capacity 15190K, committed 15232K, reserved 1048576K
Event: 5251.421 GC heap after
Heap after GC invocations=51 (full 0):
 garbage-first heap   total 262144K, used 102590K [0x0000000780000000, 0x0000000780100800, 0x00000007c0000000)
  region size 1024K, 1 young (1024K), 1 survivors (1024K)
 Metaspace       used 100941K, capacity 110186K, committed 110416K, reserved 1144832K
  class space    used 12400K, capacity 15190K, committed 15232K, reserved 1048576K
}
Event: 5311.371 GC heap before
{Heap before GC invocations=51 (full 0):
 garbage-first heap   total 262144K, used 231614K [0x0000000780000000, 0x0000000780100800, 0x00000007c0000000)
  region size 1024K, 127 young (130048K), 1 survivors (1024K)
 Metaspace       used 100941K, capacity 110186K, committed 110416K, reserved 1144832K
  class space    used 12400K, capacity 15190K, committed 15232K, reserved 1048576K
Event: 5311.378 GC heap after
Heap after GC invocations=52 (full 0):
 garbage-first heap   total 262144K, used 102513K [0x0000000780000000, 0x0000000780100800, 0x00000007c0000000)
  region size 1024K, 1 young (1024K), 1 survivors (1024K)
 Metaspace       used 100941K, capacity 110186K, committed 110416K, reserved 1144832K
  class space    used 12400K, capacity 15190K, committed 15232K, reserved 1048576K
}
Event: 5357.628 GC heap before
{Heap before GC invocations=52 (full 0):
 garbage-first heap   total 262144K, used 231537K [0x0000000780000000, 0x0000000780100800, 0x00000007c0000000)
  region size 1024K, 127 young (130048K), 1 survivors (1024K)
 Metaspace       used 100990K, capacity 110378K, committed 110672K, reserved 1144832K
  class space    used 12401K, capacity 15190K, committed 15232K, reserved 1048576K
Event: 5357.635 GC heap after
Heap after GC invocations=53 (full 0):
 garbage-first heap   total 262144K, used 103182K [0x0000000780000000, 0x0000000780100800, 0x00000007c0000000)
  region size 1024K, 2 young (2048K), 2 survivors (2048K)
 Metaspace       used 100990K, capacity 110378K, committed 110672K, reserved 1144832K
  class space    used 12401K, capacity 15190K, committed 15232K, reserved 1048576K
}

